# JRE version: OpenJDK Runtime Environment Temurin-21.0.7+6 (21.0.7+6) (build 21.0.7+6-LTS)
# Java VM: OpenJDK 64-Bit Server VM Temurin-21.0.7+6 (21.0.7+6-LTS, mixed mode, sharing, tiered, compressed oops, compressed class ptrs, parallel gc, windows-amd64)
GC Precious Log:
 CardTable entry size: 512
 CPUs: 12 total, 12 available
 Memory: 7580M
 Large Page Support: Disabled
 NUMA Support: Disabled
 Compressed Oops: Enabled (32-bit)
 Alignments: Space 512K, Generation 512K, Heap 2M
 Heap Min Capacity: 100M
 Heap Initial Capacity: 100M
 Heap Max Capacity: 2G
 Pre-touch: Disabled
 Parallel Workers: 10
Heap:
 PSYoungGen      total 12800K, used 12777K [0x00000000d5580000, 0x00000000d6e00000, 0x0000000100000000)
  eden space 10240K, 100% used [0x00000000d5580000,0x00000000d5f80000,0x00000000d5f80000)
  from space 2560K, 99% used [0x00000000d6580000,0x00000000d67fa598,0x00000000d6800000)
  to   space 6144K, 34% used [0x00000000d5f80000,0x00000000d618f248,0x00000000d6580000)
 ParOldGen       total 72192K, used 72131K [0x0000000080000000, 0x0000000084680000, 0x00000000d5580000)
  object space 72192K, 99% used [0x0000000080000000,0x0000000084670c38,0x0000000084680000)
 Metaspace       used 72613K, committed 74240K, reserved 1179648K
  class space    used 8807K, committed 9536K, reserved 1048576K
GC Heap History (20 events):
Event: 147.314 GC heap before
{Heap before GC invocations=208 (full 3):
 PSYoungGen      total 16384K, used 16204K [0x00000000d5580000, 0x00000000d6b00000, 0x0000000100000000)
  eden space 12800K, 100% used [0x00000000d5580000,0x00000000d6200000,0x00000000d6200000)
  from space 3584K, 94% used [0x00000000d6780000,0x00000000d6ad3030,0x00000000d6b00000)
  to   space 4096K, 0% used [0x00000000d6300000,0x00000000d6300000,0x00000000d6700000)
 ParOldGen       total 68608K, used 53329K [0x0000000080000000, 0x0000000084300000, 0x00000000d5580000)
  object space 68608K, 77% used [0x0000000080000000,0x0000000083414660,0x0000000084300000)
 Metaspace       used 69751K, committed 71232K, reserved 1114112K
  class space    used 8562K, committed 9216K, reserved 1048576K
}
Event: 147.319 GC heap after
{Heap after GC invocations=208 (full 3):
 PSYoungGen      total 16384K, used 3128K [0x00000000d5580000, 0x00000000d6900000, 0x0000000100000000)
  eden space 12800K, 0% used [0x00000000d5580000,0x00000000d5580000,0x00000000d6200000)
  from space 3584K, 87% used [0x00000000d6300000,0x00000000d660e040,0x00000000d6680000)
  to   space 2560K, 0% used [0x00000000d6680000,0x00000000d6680000,0x00000000d6900000)
 ParOldGen       total 68608K, used 55241K [0x0000000080000000, 0x0000000084300000, 0x00000000d5580000)
  object space 68608K, 80% used [0x0000000080000000,0x00000000835f2660,0x0000000084300000)
 Metaspace       used 69751K, committed 71232K, reserved 1114112K
  class space    used 8562K, committed 9216K, reserved 1048576K
}
Event: 148.380 GC heap before
{Heap before GC invocations=209 (full 3):
 PSYoungGen      total 16384K, used 15927K [0x00000000d5580000, 0x00000000d6900000, 0x0000000100000000)
  eden space 12800K, 99% used [0x00000000d5580000,0x00000000d61ffe50,0x00000000d6200000)
  from space 3584K, 87% used [0x00000000d6300000,0x00000000d660e040,0x00000000d6680000)
  to   space 2560K, 0% used [0x00000000d6680000,0x00000000d6680000,0x00000000d6900000)
 ParOldGen       total 68608K, used 55241K [0x0000000080000000, 0x0000000084300000, 0x00000000d5580000)
  object space 68608K, 80% used [0x0000000080000000,0x00000000835f2660,0x0000000084300000)
 Metaspace       used 70190K, committed 71808K, reserved 1114112K
  class space    used 8608K, committed 9344K, reserved 1048576K
}
Event: 148.383 GC heap after
{Heap after GC invocations=209 (full 3):
 PSYoungGen      total 13824K, used 656K [0x00000000d5580000, 0x00000000d6780000, 0x0000000100000000)
  eden space 12800K, 0% used [0x00000000d5580000,0x00000000d5580000,0x00000000d6200000)
  from space 1024K, 64% used [0x00000000d6680000,0x00000000d6724010,0x00000000d6780000)
  to   space 2048K, 0% used [0x00000000d6380000,0x00000000d6380000,0x00000000d6580000)
 ParOldGen       total 68608K, used 58313K [0x0000000080000000, 0x0000000084300000, 0x00000000d5580000)
  object space 68608K, 84% used [0x0000000080000000,0x00000000838f26a0,0x0000000084300000)
 Metaspace       used 70190K, committed 71808K, reserved 1114112K
  class space    used 8608K, committed 9344K, reserved 1048576K
}
Event: 148.707 GC heap before
{Heap before GC invocations=210 (full 3):
 PSYoungGen      total 13824K, used 13456K [0x00000000d5580000, 0x00000000d6780000, 0x0000000100000000)
  eden space 12800K, 100% used [0x00000000d5580000,0x00000000d6200000,0x00000000d6200000)
  from space 1024K, 64% used [0x00000000d6680000,0x00000000d6724010,0x00000000d6780000)
  to   space 2048K, 0% used [0x00000000d6380000,0x00000000d6380000,0x00000000d6580000)
 ParOldGen       total 68608K, used 58313K [0x0000000080000000, 0x0000000084300000, 0x00000000d5580000)
  object space 68608K, 84% used [0x0000000080000000,0x00000000838f26a0,0x0000000084300000)
 Metaspace       used 70616K, committed 72192K, reserved 1114112K
  class space    used 8654K, committed 9344K, reserved 1048576K
}
Event: 148.709 GC heap after
{Heap after GC invocations=210 (full 3):
 PSYoungGen      total 14848K, used 1197K [0x00000000d5580000, 0x00000000d6700000, 0x0000000100000000)
  eden space 12800K, 0% used [0x00000000d5580000,0x00000000d5580000,0x00000000d6200000)
  from space 2048K, 58% used [0x00000000d6380000,0x00000000d64ab510,0x00000000d6580000)
  to   space 1536K, 0% used [0x00000000d6580000,0x00000000d6580000,0x00000000d6700000)
 ParOldGen       total 68608K, used 58673K [0x0000000080000000, 0x0000000084300000, 0x00000000d5580000)
  object space 68608K, 85% used [0x0000000080000000,0x000000008394c6c0,0x0000000084300000)
 Metaspace       used 70616K, committed 72192K, reserved 1114112K
  class space    used 8654K, committed 9344K, reserved 1048576K
}
Event: 148.772 GC heap before
{Heap before GC invocations=211 (full 3):
 PSYoungGen      total 14848K, used 13997K [0x00000000d5580000, 0x00000000d6700000, 0x0000000100000000)
  eden space 12800K, 100% used [0x00000000d5580000,0x00000000d6200000,0x00000000d6200000)
  from space 2048K, 58% used [0x00000000d6380000,0x00000000d64ab510,0x00000000d6580000)
  to   space 1536K, 0% used [0x00000000d6580000,0x00000000d6580000,0x00000000d6700000)
 ParOldGen       total 68608K, used 58673K [0x0000000080000000, 0x0000000084300000, 0x00000000d5580000)
  object space 68608K, 85% used [0x0000000080000000,0x000000008394c6c0,0x0000000084300000)
 Metaspace       used 70668K, committed 72256K, reserved 1114112K
  class space    used 8661K, committed 9408K, reserved 1048576K
}
Event: 148.774 GC heap after
{Heap after GC invocations=211 (full 3):
 PSYoungGen      total 13312K, used 256K [0x00000000d5580000, 0x00000000d6600000, 0x0000000100000000)
  eden space 12800K, 0% used [0x00000000d5580000,0x00000000d5580000,0x00000000d6200000)
  from space 512K, 50% used [0x00000000d6580000,0x00000000d65c0000,0x00000000d6600000)
  to   space 1024K, 0% used [0x00000000d6400000,0x00000000d6400000,0x00000000d6500000)
 ParOldGen       total 68608K, used 59702K [0x0000000080000000, 0x0000000084300000, 0x00000000d5580000)
  object space 68608K, 87% used [0x0000000080000000,0x0000000083a4dbe0,0x0000000084300000)
 Metaspace       used 70668K, committed 72256K, reserved 1114112K
  class space    used 8661K, committed 9408K, reserved 1048576K
}
Event: 149.060 GC heap before
{Heap before GC invocations=212 (full 3):
 PSYoungGen      total 13312K, used 13056K [0x00000000d5580000, 0x00000000d6600000, 0x0000000100000000)
  eden space 12800K, 100% used [0x00000000d5580000,0x00000000d6200000,0x00000000d6200000)
  from space 512K, 50% used [0x00000000d6580000,0x00000000d65c0000,0x00000000d6600000)
  to   space 1024K, 0% used [0x00000000d6400000,0x00000000d6400000,0x00000000d6500000)
 ParOldGen       total 68608K, used 59702K [0x0000000080000000, 0x0000000084300000, 0x00000000d5580000)
  object space 68608K, 87% used [0x0000000080000000,0x0000000083a4dbe0,0x0000000084300000)
 Metaspace       used 71322K, committed 72896K, reserved 1114112K
  class space    used 8717K, committed 9408K, reserved 1048576K
}
Event: 149.062 GC heap after
{Heap after GC invocations=212 (full 3):
 PSYoungGen      total 13824K, used 640K [0x00000000d5580000, 0x00000000d6600000, 0x0000000100000000)
  eden space 12800K, 0% used [0x00000000d5580000,0x00000000d5580000,0x00000000d6200000)
  from space 1024K, 62% used [0x00000000d6400000,0x00000000d64a0000,0x00000000d6500000)
  to   space 1024K, 0% used [0x00000000d6500000,0x00000000d6500000,0x00000000d6600000)
 ParOldGen       total 68608K, used 59758K [0x0000000080000000, 0x0000000084300000, 0x00000000d5580000)
  object space 68608K, 87% used [0x0000000080000000,0x0000000083a5bbe0,0x0000000084300000)
 Metaspace       used 71322K, committed 72896K, reserved 1114112K
  class space    used 8717K, committed 9408K, reserved 1048576K
}
Event: 149.254 GC heap before
{Heap before GC invocations=213 (full 3):
 PSYoungGen      total 13824K, used 13440K [0x00000000d5580000, 0x00000000d6600000, 0x0000000100000000)
  eden space 12800K, 100% used [0x00000000d5580000,0x00000000d6200000,0x00000000d6200000)
  from space 1024K, 62% used [0x00000000d6400000,0x00000000d64a0000,0x00000000d6500000)
  to   space 1024K, 0% used [0x00000000d6500000,0x00000000d6500000,0x00000000d6600000)
 ParOldGen       total 68608K, used 59758K [0x0000000080000000, 0x0000000084300000, 0x00000000d5580000)
  object space 68608K, 87% used [0x0000000080000000,0x0000000083a5bbe0,0x0000000084300000)
 Metaspace       used 72128K, committed 73792K, reserved 1114112K
  class space    used 8785K, committed 9536K, reserved 1048576K
}
Event: 149.256 GC heap after
{Heap after GC invocations=213 (full 3):
 PSYoungGen      total 13824K, used 992K [0x00000000d5580000, 0x00000000d6700000, 0x0000000100000000)
  eden space 12800K, 0% used [0x00000000d5580000,0x00000000d5580000,0x00000000d6200000)
  from space 1024K, 96% used [0x00000000d6500000,0x00000000d65f8030,0x00000000d6600000)
  to   space 2560K, 0% used [0x00000000d6200000,0x00000000d6200000,0x00000000d6480000)
 ParOldGen       total 68608K, used 60640K [0x0000000080000000, 0x0000000084300000, 0x00000000d5580000)
  object space 68608K, 88% used [0x0000000080000000,0x0000000083b38228,0x0000000084300000)
 Metaspace       used 72128K, committed 73792K, reserved 1114112K
  class space    used 8785K, committed 9536K, reserved 1048576K
}
Event: 149.498 GC heap before
{Heap before GC invocations=214 (full 3):
 PSYoungGen      total 13824K, used 13792K [0x00000000d5580000, 0x00000000d6700000, 0x0000000100000000)
  eden space 12800K, 100% used [0x00000000d5580000,0x00000000d6200000,0x00000000d6200000)
  from space 1024K, 96% used [0x00000000d6500000,0x00000000d65f8030,0x00000000d6600000)
  to   space 2560K, 0% used [0x00000000d6200000,0x00000000d6200000,0x00000000d6480000)
 ParOldGen       total 68608K, used 60640K [0x0000000080000000, 0x0000000084300000, 0x00000000d5580000)
  object space 68608K, 88% used [0x0000000080000000,0x0000000083b38228,0x0000000084300000)
 Metaspace       used 72357K, committed 73984K, reserved 1114112K
  class space    used 8794K, committed 9536K, reserved 1048576K
}
Event: 149.502 GC heap after
{Heap after GC invocations=214 (full 3):
 PSYoungGen      total 15360K, used 2548K [0x00000000d5580000, 0x00000000d6b00000, 0x0000000100000000)
  eden space 12800K, 0% used [0x00000000d5580000,0x00000000d5580000,0x00000000d6200000)
  from space 2560K, 99% used [0x00000000d6200000,0x00000000d647d218,0x00000000d6480000)
  to   space 4608K, 0% used [0x00000000d6680000,0x00000000d6680000,0x00000000d6b00000)
 ParOldGen       total 68608K, used 62040K [0x0000000080000000, 0x0000000084300000, 0x00000000d5580000)
  object space 68608K, 90% used [0x0000000080000000,0x0000000083c96178,0x0000000084300000)
 Metaspace       used 72357K, committed 73984K, reserved 1114112K
  class space    used 8794K, committed 9536K, reserved 1048576K
}
Event: 149.752 GC heap before
{Heap before GC invocations=215 (full 3):
 PSYoungGen      total 15360K, used 15348K [0x00000000d5580000, 0x00000000d6b00000, 0x0000000100000000)
  eden space 12800K, 100% used [0x00000000d5580000,0x00000000d6200000,0x00000000d6200000)
  from space 2560K, 99% used [0x00000000d6200000,0x00000000d647d218,0x00000000d6480000)
  to   space 4608K, 0% used [0x00000000d6680000,0x00000000d6680000,0x00000000d6b00000)
 ParOldGen       total 68608K, used 62040K [0x0000000080000000, 0x0000000084300000, 0x00000000d5580000)
  object space 68608K, 90% used [0x0000000080000000,0x0000000083c96178,0x0000000084300000)
 Metaspace       used 72563K, committed 74176K, reserved 1179648K
  class space    used 8807K, committed 9536K, reserved 1048576K
}
Event: 149.756 GC heap after
{Heap after GC invocations=215 (full 3):
 PSYoungGen      total 15872K, used 2671K [0x00000000d5580000, 0x00000000d6980000, 0x0000000100000000)
  eden space 12800K, 0% used [0x00000000d5580000,0x00000000d5580000,0x00000000d6200000)
  from space 3072K, 86% used [0x00000000d6680000,0x00000000d691be70,0x00000000d6980000)
  to   space 3584K, 0% used [0x00000000d6280000,0x00000000d6280000,0x00000000d6600000)
 ParOldGen       total 68608K, used 64506K [0x0000000080000000, 0x0000000084300000, 0x00000000d5580000)
  object space 68608K, 94% used [0x0000000080000000,0x0000000083efeab0,0x0000000084300000)
 Metaspace       used 72563K, committed 74176K, reserved 1179648K
  class space    used 8807K, committed 9536K, reserved 1048576K
}
Event: 149.916 GC heap before
{Heap before GC invocations=216 (full 3):
 PSYoungGen      total 15872K, used 15471K [0x00000000d5580000, 0x00000000d6980000, 0x0000000100000000)
  eden space 12800K, 100% used [0x00000000d5580000,0x00000000d6200000,0x00000000d6200000)
  from space 3072K, 86% used [0x00000000d6680000,0x00000000d691be70,0x00000000d6980000)
  to   space 3584K, 0% used [0x00000000d6280000,0x00000000d6280000,0x00000000d6600000)
 ParOldGen       total 68608K, used 64506K [0x0000000080000000, 0x0000000084300000, 0x00000000d5580000)
  object space 68608K, 94% used [0x0000000080000000,0x0000000083efeab0,0x0000000084300000)
 Metaspace       used 72599K, committed 74240K, reserved 1179648K
  class space    used 8807K, committed 9536K, reserved 1048576K
}
Event: 149.921 GC heap after
{Heap after GC invocations=216 (full 3):
 PSYoungGen      total 15872K, used 2877K [0x00000000d5580000, 0x00000000d6800000, 0x0000000100000000)
  eden space 12800K, 0% used [0x00000000d5580000,0x00000000d5580000,0x00000000d6200000)
  from space 3072K, 93% used [0x00000000d6280000,0x00000000d654f7b0,0x00000000d6580000)
  to   space 2560K, 0% used [0x00000000d6580000,0x00000000d6580000,0x00000000d6800000)
 ParOldGen       total 68608K, used 66965K [0x0000000080000000, 0x0000000084300000, 0x00000000d5580000)
  object space 68608K, 97% used [0x0000000080000000,0x00000000841657b0,0x0000000084300000)
 Metaspace       used 72599K, committed 74240K, reserved 1179648K
  class space    used 8807K, committed 9536K, reserved 1048576K
}
Event: 150.088 GC heap before
{Heap before GC invocations=217 (full 3):
 PSYoungGen      total 15872K, used 15677K [0x00000000d5580000, 0x00000000d6800000, 0x0000000100000000)
  eden space 12800K, 100% used [0x00000000d5580000,0x00000000d6200000,0x00000000d6200000)
  from space 3072K, 93% used [0x00000000d6280000,0x00000000d654f7b0,0x00000000d6580000)
  to   space 2560K, 0% used [0x00000000d6580000,0x00000000d6580000,0x00000000d6800000)
 ParOldGen       total 68608K, used 66965K [0x0000000080000000, 0x0000000084300000, 0x00000000d5580000)
  object space 68608K, 97% used [0x0000000080000000,0x00000000841657b0,0x0000000084300000)
 Metaspace       used 72613K, committed 74240K, reserved 1179648K
  class space    used 8807K, committed 9536K, reserved 1048576K
}
Event: 150.093 GC heap after
{Heap after GC invocations=217 (full 3):
 PSYoungGen      total 12800K, used 2537K [0x00000000d5580000, 0x00000000d6e00000, 0x0000000100000000)
  eden space 10240K, 0% used [0x00000000d5580000,0x00000000d5580000,0x00000000d5f80000)
  from space 2560K, 99% used [0x00000000d6580000,0x00000000d67fa598,0x00000000d6800000)
  to   space 6144K, 0% used [0x00000000d5f80000,0x00000000d5f80000,0x00000000d6580000)
 ParOldGen       total 70144K, used 69725K [0x0000000080000000, 0x0000000084480000, 0x00000000d5580000)
  object space 70144K, 99% used [0x0000000080000000,0x0000000084417418,0x0000000084480000)
 Metaspace       used 72613K, committed 74240K, reserved 1179648K
  class space    used 8807K, committed 9536K, reserved 1048576K
}

